Quick-Cocos2dx-Community C++ support ready.

------------------------------------------------

LOAD LUA FILE: D:/MyProjects/Quick/src/main.lua

------------------------------------------------

[LUA-print] ===========================================================

[LUA-print]               LOAD QUICK FRAMEWORK

[LUA-print] ===========================================================

[LUA-print] [INFO] 

[LUA-print] [INFO] # DEBUG                        = 1

[LUA-print] [INFO] #

[LUA-print] [INFO] # device.platform              = windows

[LUA-print] [INFO] # device.model                 = unknown

[LUA-print] [INFO] # device.language              = cn

[LUA-print] [INFO] # device.writablePath          = D:\MyProjects\Quick\

[LUA-print] [INFO] # device.directorySeparator    = \

[LUA-print] [INFO] # device.pathSeparator         = ;

[LUA-print] [INFO] #

[LUA-print] [INFO] # CONFIG_SCREEN_AUTOSCALE      = EXACT_FIT

[LUA-print] [INFO] # CONFIG_SCREEN_WIDTH          = 539.00

[LUA-print] [INFO] # CONFIG_SCREEN_HEIGHT         = 810.00

[LUA-print] [INFO] # display.widthInPixels        = 320.00

[LUA-print] [INFO] # display.heightInPixels       = 480.00

[LUA-print] [INFO] # display.contentScaleFactor   = 1.00

[LUA-print] [INFO] # display.width                = 539.00

[LUA-print] [INFO] # display.height               = 810.00

[LUA-print] [INFO] # display.cx                   = 269.50

[LUA-print] [INFO] # display.cy                   = 405.00

[LUA-print] [INFO] # display.left                 = 0.00

[LUA-print] [INFO] # display.right                = 539.00

[LUA-print] [INFO] # display.top                  = 810.00

[LUA-print] [INFO] # display.bottom               = 0.00

[LUA-print] [INFO] # display.c_left               = -269.50

[LUA-print] [INFO] # display.c_right              = 269.50

[LUA-print] [INFO] # display.c_top                = 405.00

[LUA-print] [INFO] # display.c_bottom             = -405.00

[LUA-print] [INFO] #


sdaddassddasssssssssssssssssssssss

